[00:00:41] [Server thread/INFO]: frizensami[/127.0.0.1:58400] logged in with entity id 8743 at (-82.09782744857353, 71.0, 57.57211661001148)
[00:00:41] [Server thread/INFO]: frizensami joined the game
[00:06:07] [Server thread/INFO]: MariahCarry was slain by Enderman
[00:06:59] [Server thread/INFO]: MariahCarry was slain by Enderman
[00:08:09] [Server thread/INFO]: SoulNuva lost connection: Timed out
[00:08:09] [Server thread/INFO]: SoulNuva left the game
[00:08:25] [Server thread/INFO]: MariahCarry got revenge on Enderman
[00:08:47] [Server thread/INFO]: SoulNuva[/172.31.106.32:1512] logged in with entity id 15966 at (-49.61987521057908, 68.0, 79.79421235175681)
[00:08:47] [Server thread/INFO]: SoulNuva joined the game
[00:09:06] [Server thread/INFO]: SoulNuva lost connection: Disconnected
[00:09:06] [Server thread/INFO]: SoulNuva left the game
[00:10:12] [Server thread/INFO]: SoulNuva[/172.31.106.32:1523] logged in with entity id 16850 at (-49.61987521057908, 68.0, 79.79421235175681)
[00:10:12] [Server thread/INFO]: SoulNuva joined the game
[00:10:26] [Server thread/INFO]: SoulNuva was slain by Zombie
[00:10:32] [Server thread/INFO]: <frizensami> peis
[00:10:39] [Server thread/INFO]: <SoulNuva> lag
[00:11:09] [Server thread/INFO]: SoulNuva was slain by Spider
[00:14:41] [Server thread/INFO]: SoulNuva has made the advancement [Getting an Upgrade]
[00:17:37] [Server thread/INFO]: SoulNuva lost connection: Disconnected
[00:17:37] [Server thread/INFO]: SoulNuva left the game
[00:20:13] [Server thread/INFO]: SoulNuva[/172.31.106.32:1600] logged in with entity id 27009 at (-80.34001066260967, 71.0, 56.563439711150224)
[00:20:13] [Server thread/INFO]: SoulNuva joined the game
[00:20:35] [Server thread/INFO]: SoulNuva lost connection: Internal Exception: io.netty.channel.unix.Errors$NativeIoException: syscall:read(..) failed: Connection reset by peer
[00:20:35] [Server thread/INFO]: SoulNuva left the game
[00:20:52] [Server thread/INFO]: [MariahCarry: Given [Bucket] * 16 to MariahCarry]
[00:24:12] [Server thread/INFO]: MariahCarry has made the advancement [Ice Bucket Challenge]
[00:24:50] [Server thread/INFO]: [frizensami: Given [Treetap] * 1 to frizensami]
[00:24:51] [Server thread/INFO]: [frizensami: Given [Treetap] * 1 to frizensami]
[00:24:51] [Server thread/INFO]: [frizensami: Given [Treetap] * 1 to frizensami]
[00:29:23] [Server thread/INFO]: frizensami has made the advancement [Ice Bucket Challenge]
[00:31:12] [Server thread/INFO]: SoulNuva lost connection: Timed out
[00:31:12] [Server thread/INFO]: SoulNuva left the game
[00:31:51] [Server thread/WARN]: frizensami moved too quickly! 78.19999998807907,-40.0,-40.06085009783378
[00:31:53] [Server thread/WARN]: MariahCarry moved too quickly! 78.19999998807907,-40.0,-40.194870559033006
[00:32:06] [Server thread/INFO]: SoulNuva[/172.31.106.32:1762] logged in with entity id 37555 at (-80.34001066260967, 71.0, 56.563439711150224)
[00:32:06] [Server thread/INFO]: SoulNuva joined the game
[00:32:18] [Server thread/WARN]: frizensami moved too quickly! -77.5823566430222,40.0,40.91912484222437
[00:32:23] [Server thread/INFO]: SoulNuva lost connection: Timed out
[00:32:23] [Server thread/INFO]: SoulNuva left the game
[00:33:39] [Server thread/INFO]: SoulNuva[/172.31.106.32:1773] logged in with entity id 38964 at (-80.34001066260967, 71.0, 56.563439711150224)
[00:33:39] [Server thread/INFO]: SoulNuva joined the game
[00:44:41] [Server thread/INFO]: MariahCarry lost connection: Timed out
[00:44:41] [Server thread/INFO]: MariahCarry left the game
[00:46:27] [Server thread/INFO]: MariahCarry lost connection: Timed out
[00:46:27] [Server thread/INFO]: MariahCarry left the game
[00:47:03] [Server thread/INFO]: MariahCarry[/172.31.21.214:58201] logged in with entity id 55688 at (0.4245423008302886, 20.0, 1.4202667535580138)
[00:47:03] [Server thread/INFO]: MariahCarry joined the game
[00:47:13] [Server thread/INFO]: SoulNuva has made the advancement [Sweet dreams]
[00:48:09] [Server thread/INFO]: [MariahCarry: Teleported MariahCarry to frizensami]
[00:48:29] [Server thread/INFO]: frizensami lost connection: Disconnected
[00:48:29] [Server thread/INFO]: frizensami left the game
[00:48:34] [Server thread/WARN]: MariahCarry moved wrongly!
[00:48:54] [Server thread/INFO]: frizensami[/127.0.0.1:59292] logged in with entity id 57770 at (-84.68694726988447, 71.0, 54.19507043700107)
[00:48:54] [Server thread/INFO]: frizensami joined the game
[00:50:29] [Server thread/INFO]: SoulNuva has made the advancement [Stone Age]
[01:01:21] [Server thread/WARN]: MariahCarry moved too quickly! 78.19999998807907,-40.0,-38.80000001192093
[01:01:21] [Server thread/WARN]: frizensami moved too quickly! 77.97184460995054,-40.0,-41.199999988079085
[01:01:36] [Server thread/INFO]: SoulNuva has made the advancement [We Need to Go Deeper]
[01:04:22] [Server thread/INFO]: SoulNuva tried to swim in lava
[01:07:47] [Server thread/WARN]: frizensami moved too quickly! -78.23025788393429,40.0,40.54249169784177
[01:09:16] [Server thread/WARN]: frizensami moved too quickly! 78.01146541150597,-40.0,-40.34673429660214
[01:15:48] [Server thread/INFO]: SoulNuva has made the advancement [Acquire Hardware]
[01:16:14] [Server thread/INFO]: SoulNuva has made the advancement [HAMMAH!]
[01:16:59] [Server thread/INFO]: frizensami has made the advancement [HAMMAH!]
[01:21:25] [Server thread/WARN]: frizensami moved too quickly! -77.94177762834242,40.0,40.70713812161284
[01:22:26] [Server thread/WARN]: SoulNuva moved wrongly!
[01:26:38] [Server thread/INFO]: <frizensami> 2x diamond, 4x obsidian, 1x book
[01:26:45] [Server thread/INFO]: <frizensami> 5x gold
[01:26:52] [Server thread/INFO]: <frizensami> 1x ender pearl
[01:33:07] [Server thread/INFO]: MariahCarry lost connection: Disconnected
[01:33:07] [Server thread/INFO]: MariahCarry left the game
[01:35:03] [Server thread/WARN]: frizensami moved wrongly!
[01:35:30] [Server thread/INFO]: SoulNuva has made the advancement [Monster Hunter]
[01:36:43] [Server thread/INFO]: anpig[/172.31.97.65:50602] logged in with entity id 113514 at (-97.5769056322525, 71.0, 60.98012335919311)
[01:36:43] [Server thread/INFO]: anpig joined the game
[01:40:09] [Server thread/INFO]: frizensami lost connection: Disconnected
[01:40:09] [Server thread/INFO]: frizensami left the game
[01:43:16] [Server thread/INFO]: SoulNuva has made the advancement [Sky of Beginning]
[01:43:27] [Server thread/WARN]: SoulNuva moved wrongly!
[01:45:04] [Server thread/WARN]: Boat (vehicle of SoulNuva) moved too quickly! -9.7671261217032,0.0,-3.384486870129672
[01:45:04] [Server thread/WARN]: Boat (vehicle of SoulNuva) moved too quickly! -10.156255410856375,0.0,-3.466302785821533
[01:45:04] [Server thread/WARN]: Boat (vehicle of SoulNuva) moved too quickly! -10.546309777849842,0.0,-3.5435332655276124
[01:45:04] [Server thread/WARN]: Boat (vehicle of SoulNuva) moved too quickly! -10.93722027361332,0.0,-3.6163655929159333
[01:45:58] [Server thread/INFO]: anpig has made the advancement [Sweet dreams]
[01:46:04] [Server thread/WARN]: anpig moved wrongly!
[01:57:33] [Server thread/WARN]: anpig moved wrongly!
[01:58:27] [Server thread/INFO]: anpig lost connection: Disconnected
[01:58:27] [Server thread/INFO]: anpig left the game
[02:06:14] [Server thread/INFO]: frizensami[/127.0.0.1:60508] logged in with entity id 177674 at (-84.04012871393127, 71.0, 49.82530601357868)
[02:06:14] [Server thread/INFO]: frizensami joined the game
[02:06:27] [Server thread/INFO]: frizensami lost connection: Disconnected
[02:06:27] [Server thread/INFO]: frizensami left the game
[02:06:46] [Server thread/INFO]: SoulNuva lost connection: Disconnected
[02:06:46] [Server thread/INFO]: SoulNuva left the game
[02:07:04] [Server thread/INFO]: Available SubCommands: stop, getsize and start
[02:07:07] [Server thread/INFO]: Server launched a manual backup!
[02:07:11] [Server thread/INFO]: Stopping the server
[02:07:11] [Server thread/INFO]: Stopping server
[02:07:11] [Server thread/INFO]: Saving players
[02:07:11] [Server thread/INFO]: Saving worlds
[02:07:11] [Server thread/INFO]: Saving chunks for level 'world'/overworld
[02:07:11] [Server thread/INFO]: Saving chunks for level 'world'/the_end
[02:07:11] [Server thread/INFO]: Saving chunks for level 'world'/Deep Dark
[02:07:11] [Server thread/INFO]: Saving chunks for level 'world'/lostcities
[02:07:11] [Server thread/INFO]: Saving chunks for level 'world'/ExtraUtils2_Quarry_Dim
[02:07:11] [Server thread/INFO]: Saving chunks for level 'world'/twilight_forest
[02:07:11] [Server thread/INFO]: Saving chunks for level 'world'/CompactMachines
[02:07:11] [Server thread/INFO]: Saving chunks for level 'world'/MiningWorld
[02:07:11] [Server thread/INFO]: Saving chunks for level 'world'/Storage Cell
[02:07:13] [Server Shutdown Thread/INFO]: Stopping server
[02:07:13] [Server Shutdown Thread/INFO]: Saving players
[02:07:13] [Server Shutdown Thread/INFO]: Saving worlds
